2022-12-01 15:43:25,750 [Worker-3: Loading available Gradle versions] INFO  o.e.b.c.i.u.g.PublishedGradleVersions - Gradle version information cache is up-to-date. Trying to read.
2022-12-02 12:40:59,822 [Worker-6: Loading available Gradle versions] INFO  o.e.b.c.i.u.g.PublishedGradleVersions - Gradle version information cache is up-to-date. Trying to read.
2022-12-02 12:42:35,944 [Worker-2: Importing Maven projects] INFO  o.e.m.c.i.l.LifecycleMappingFactory - Using org.eclipse.m2e.jdt.JarLifecycleMapping lifecycle mapping for MavenProject: com.cpp:Brcm:0.0.1-SNAPSHOT @ C:\Users\Nilay Nagar\Brcm\Bronco-Recreation-Complex-Management\Brcm\pom.xml.
2022-12-02 12:42:37,177 [Worker-2: Importing Maven projects] INFO  o.e.m.j.i.AbstractJavaProjectConfigurator - Adding source folder /Brcm/src/main/java
2022-12-02 12:42:37,178 [Worker-2: Importing Maven projects] INFO  o.e.m.j.i.AbstractJavaProjectConfigurator - Adding resource folder /Brcm/src/main/resources
2022-12-02 12:42:37,179 [Worker-2: Importing Maven projects] INFO  o.e.m.j.i.AbstractJavaProjectConfigurator - Adding resource folder /Brcm/src/main/resources
2022-12-02 12:42:37,180 [Worker-2: Importing Maven projects] INFO  o.e.m.j.i.AbstractJavaProjectConfigurator - Adding source folder /Brcm/src/test/java
2022-12-02 12:42:37,561 [Worker-2: Importing Maven projects] INFO  o.e.m.c.i.p.ProjectConfigurationManager - Imported and configured 1 project(s) in 2 sec
2022-12-02 12:42:39,570 [Worker-2: Building] INFO  o.a.m.s.f.DefaultMavenResourcesFiltering - Copying 1 resource
2022-12-02 12:42:39,589 [Worker-2: Building] INFO  o.a.m.s.f.DefaultMavenResourcesFiltering - Copying 1 resource
2022-12-02 12:42:39,594 [Worker-2: Building] INFO  o.a.m.s.f.DefaultMavenResourcesFiltering - skip non existing resourceDirectory C:\Users\Nilay Nagar\Brcm\Bronco-Recreation-Complex-Management\Brcm\src\test\resources
2022-12-02 12:43:53,902 [Worker-16: Building] INFO  o.a.m.s.f.DefaultMavenResourcesFiltering - Copying 1 resource
2022-12-02 12:43:53,907 [Worker-16: Building] INFO  o.a.m.s.f.DefaultMavenResourcesFiltering - Copying 0 resource
2022-12-02 12:43:53,909 [Worker-16: Building] INFO  o.a.m.s.f.DefaultMavenResourcesFiltering - skip non existing resourceDirectory C:\Users\Nilay Nagar\Brcm\Bronco-Recreation-Complex-Management\Brcm\src\test\resources
2022-12-02 12:54:43,897 [Worker-11: Building] INFO  o.a.m.s.f.DefaultMavenResourcesFiltering - Copying 1 resource
2022-12-02 12:54:43,908 [Worker-11: Building] INFO  o.a.m.s.f.DefaultMavenResourcesFiltering - Copying 0 resource
2022-12-02 12:54:43,911 [Worker-11: Building] INFO  o.a.m.s.f.DefaultMavenResourcesFiltering - skip non existing resourceDirectory C:\Users\Nilay Nagar\Brcm\Bronco-Recreation-Complex-Management\Brcm\src\test\resources
2022-12-02 12:55:07,172 [Worker-23: Building] INFO  o.a.m.s.f.DefaultMavenResourcesFiltering - Copying 1 resource
2022-12-02 12:55:07,180 [Worker-23: Building] INFO  o.a.m.s.f.DefaultMavenResourcesFiltering - Copying 0 resource
2022-12-02 12:55:07,182 [Worker-23: Building] INFO  o.a.m.s.f.DefaultMavenResourcesFiltering - skip non existing resourceDirectory C:\Users\Nilay Nagar\Brcm\Bronco-Recreation-Complex-Management\Brcm\src\test\resources
2022-12-02 12:55:30,639 [Worker-22: Building] INFO  o.a.m.s.f.DefaultMavenResourcesFiltering - Copying 1 resource
2022-12-02 12:55:30,650 [Worker-22: Building] INFO  o.a.m.s.f.DefaultMavenResourcesFiltering - Copying 0 resource
2022-12-02 12:55:30,652 [Worker-22: Building] INFO  o.a.m.s.f.DefaultMavenResourcesFiltering - skip non existing resourceDirectory C:\Users\Nilay Nagar\Brcm\Bronco-Recreation-Complex-Management\Brcm\src\test\resources
2022-12-02 13:03:17,640 [Worker-27: Building] INFO  o.a.m.s.f.DefaultMavenResourcesFiltering - Copying 0 resource
2022-12-02 13:03:17,640 [Worker-27: Building] INFO  o.a.m.s.f.DefaultMavenResourcesFiltering - Copying 0 resource
2022-12-02 13:03:17,643 [Worker-27: Building] INFO  o.a.m.s.f.DefaultMavenResourcesFiltering - skip non existing resourceDirectory C:\Users\Nilay Nagar\Brcm\Bronco-Recreation-Complex-Management\Brcm\src\test\resources
2022-12-02 13:23:29,181 [Worker-33: Building] INFO  o.a.m.s.f.DefaultMavenResourcesFiltering - Copying 1 resource
2022-12-02 13:23:29,198 [Worker-33: Building] INFO  o.a.m.s.f.DefaultMavenResourcesFiltering - Copying 0 resource
2022-12-02 13:23:29,200 [Worker-33: Building] INFO  o.a.m.s.f.DefaultMavenResourcesFiltering - skip non existing resourceDirectory C:\Users\Nilay Nagar\Brcm\Bronco-Recreation-Complex-Management\Brcm\src\test\resources
2022-12-02 13:37:46,887 [Worker-37: Building] INFO  o.a.m.s.f.DefaultMavenResourcesFiltering - Copying 0 resource
2022-12-02 13:37:46,888 [Worker-37: Building] INFO  o.a.m.s.f.DefaultMavenResourcesFiltering - Copying 1 resource
2022-12-02 13:37:46,893 [Worker-37: Building] INFO  o.a.m.s.f.DefaultMavenResourcesFiltering - skip non existing resourceDirectory C:\Users\Nilay Nagar\Brcm\Bronco-Recreation-Complex-Management\Brcm\src\test\resources
2022-12-02 13:43:27,941 [Worker-5: Loading available Gradle versions] INFO  o.e.b.c.i.u.g.PublishedGradleVersions - Gradle version information cache is up-to-date. Trying to read.
2022-12-02 13:48:48,238 [Worker-23: Building] INFO  o.a.m.s.f.DefaultMavenResourcesFiltering - Copying 1 resource
2022-12-02 13:48:48,257 [Worker-23: Building] INFO  o.a.m.s.f.DefaultMavenResourcesFiltering - Copying 2 resources
2022-12-02 13:48:48,260 [Worker-23: Building] INFO  o.a.m.s.f.DefaultMavenResourcesFiltering - skip non existing resourceDirectory C:\Users\Nilay Nagar\Brcm\Bronco-Recreation-Complex-Management\Brcm\src\test\resources
2022-12-02 13:51:18,100 [Worker-26: Building] INFO  o.a.m.s.f.DefaultMavenResourcesFiltering - Copying 1 resource
2022-12-02 13:51:18,104 [Worker-26: Building] INFO  o.a.m.s.f.DefaultMavenResourcesFiltering - Copying 2 resources
2022-12-02 13:51:18,106 [Worker-26: Building] INFO  o.a.m.s.f.DefaultMavenResourcesFiltering - skip non existing resourceDirectory C:\Users\Nilay Nagar\Brcm\Bronco-Recreation-Complex-Management\Brcm\src\test\resources
2022-12-02 13:55:45,380 [Worker-25: Building] INFO  o.a.m.s.f.DefaultMavenResourcesFiltering - Copying 1 resource
2022-12-02 13:55:45,385 [Worker-25: Building] INFO  o.a.m.s.f.DefaultMavenResourcesFiltering - Copying 2 resources
2022-12-02 13:55:45,387 [Worker-25: Building] INFO  o.a.m.s.f.DefaultMavenResourcesFiltering - skip non existing resourceDirectory C:\Users\Nilay Nagar\Brcm\Bronco-Recreation-Complex-Management\Brcm\src\test\resources
2022-12-02 13:58:02,009 [Worker-33: Building] INFO  o.a.m.s.f.DefaultMavenResourcesFiltering - Copying 1 resource
2022-12-02 13:58:02,013 [Worker-33: Building] INFO  o.a.m.s.f.DefaultMavenResourcesFiltering - Copying 2 resources
2022-12-02 13:58:02,015 [Worker-33: Building] INFO  o.a.m.s.f.DefaultMavenResourcesFiltering - skip non existing resourceDirectory C:\Users\Nilay Nagar\Brcm\Bronco-Recreation-Complex-Management\Brcm\src\test\resources
2022-12-02 13:58:49,754 [Worker-33: Building] INFO  o.a.m.s.f.DefaultMavenResourcesFiltering - Copying 1 resource
2022-12-02 13:58:49,760 [Worker-33: Building] INFO  o.a.m.s.f.DefaultMavenResourcesFiltering - Copying 2 resources
2022-12-02 13:58:49,762 [Worker-33: Building] INFO  o.a.m.s.f.DefaultMavenResourcesFiltering - skip non existing resourceDirectory C:\Users\Nilay Nagar\Brcm\Bronco-Recreation-Complex-Management\Brcm\src\test\resources
2022-12-02 14:00:30,789 [Worker-34: Building] INFO  o.a.m.s.f.DefaultMavenResourcesFiltering - Copying 1 resource
2022-12-02 14:00:30,793 [Worker-34: Building] INFO  o.a.m.s.f.DefaultMavenResourcesFiltering - Copying 2 resources
2022-12-02 14:00:30,796 [Worker-34: Building] INFO  o.a.m.s.f.DefaultMavenResourcesFiltering - skip non existing resourceDirectory C:\Users\Nilay Nagar\Brcm\Bronco-Recreation-Complex-Management\Brcm\src\test\resources
2022-12-02 14:01:06,480 [Worker-34: Building] INFO  o.a.m.s.f.DefaultMavenResourcesFiltering - Copying 1 resource
2022-12-02 14:01:06,485 [Worker-34: Building] INFO  o.a.m.s.f.DefaultMavenResourcesFiltering - Copying 2 resources
2022-12-02 14:01:06,486 [Worker-34: Building] INFO  o.a.m.s.f.DefaultMavenResourcesFiltering - skip non existing resourceDirectory C:\Users\Nilay Nagar\Brcm\Bronco-Recreation-Complex-Management\Brcm\src\test\resources
2022-12-02 14:02:37,618 [Worker-34: Building] INFO  o.a.m.s.f.DefaultMavenResourcesFiltering - Copying 1 resource
2022-12-02 14:02:37,624 [Worker-34: Building] INFO  o.a.m.s.f.DefaultMavenResourcesFiltering - Copying 2 resources
2022-12-02 14:02:37,628 [Worker-34: Building] INFO  o.a.m.s.f.DefaultMavenResourcesFiltering - skip non existing resourceDirectory C:\Users\Nilay Nagar\Brcm\Bronco-Recreation-Complex-Management\Brcm\src\test\resources
2022-12-02 14:03:44,601 [Worker-36: Building] INFO  o.a.m.s.f.DefaultMavenResourcesFiltering - Copying 1 resource
2022-12-02 14:03:44,605 [Worker-36: Building] INFO  o.a.m.s.f.DefaultMavenResourcesFiltering - Copying 2 resources
2022-12-02 14:03:44,608 [Worker-36: Building] INFO  o.a.m.s.f.DefaultMavenResourcesFiltering - skip non existing resourceDirectory C:\Users\Nilay Nagar\Brcm\Bronco-Recreation-Complex-Management\Brcm\src\test\resources
2022-12-02 14:08:14,929 [Worker-27: Building] INFO  o.a.m.s.f.DefaultMavenResourcesFiltering - Copying 1 resource
2022-12-02 14:08:14,937 [Worker-27: Building] INFO  o.a.m.s.f.DefaultMavenResourcesFiltering - Copying 2 resources
2022-12-02 14:08:14,940 [Worker-27: Building] INFO  o.a.m.s.f.DefaultMavenResourcesFiltering - skip non existing resourceDirectory C:\Users\Nilay Nagar\Brcm\Bronco-Recreation-Complex-Management\Brcm\src\test\resources
2022-12-02 14:08:56,539 [Worker-27: Building] INFO  o.a.m.s.f.DefaultMavenResourcesFiltering - Copying 1 resource
2022-12-02 14:08:56,544 [Worker-27: Building] INFO  o.a.m.s.f.DefaultMavenResourcesFiltering - Copying 2 resources
2022-12-02 14:08:56,546 [Worker-27: Building] INFO  o.a.m.s.f.DefaultMavenResourcesFiltering - skip non existing resourceDirectory C:\Users\Nilay Nagar\Brcm\Bronco-Recreation-Complex-Management\Brcm\src\test\resources
2022-12-02 14:10:05,537 [Worker-27: Building] INFO  o.a.m.s.f.DefaultMavenResourcesFiltering - Copying 1 resource
2022-12-02 14:10:05,541 [Worker-27: Building] INFO  o.a.m.s.f.DefaultMavenResourcesFiltering - Copying 2 resources
2022-12-02 14:10:05,546 [Worker-27: Building] INFO  o.a.m.s.f.DefaultMavenResourcesFiltering - skip non existing resourceDirectory C:\Users\Nilay Nagar\Brcm\Bronco-Recreation-Complex-Management\Brcm\src\test\resources
2022-12-02 14:13:36,266 [Worker-43: Building] INFO  o.a.m.s.f.DefaultMavenResourcesFiltering - Copying 1 resource
2022-12-02 14:13:36,270 [Worker-43: Building] INFO  o.a.m.s.f.DefaultMavenResourcesFiltering - Copying 2 resources
2022-12-02 14:13:36,271 [Worker-43: Building] INFO  o.a.m.s.f.DefaultMavenResourcesFiltering - skip non existing resourceDirectory C:\Users\Nilay Nagar\Brcm\Bronco-Recreation-Complex-Management\Brcm\src\test\resources
2022-12-02 14:13:41,868 [Worker-27: Building] INFO  o.a.m.s.f.DefaultMavenResourcesFiltering - Copying 1 resource
2022-12-02 14:13:41,893 [Worker-27: Building] INFO  o.a.m.s.f.DefaultMavenResourcesFiltering - Copying 2 resources
2022-12-02 14:13:41,897 [Worker-27: Building] INFO  o.a.m.s.f.DefaultMavenResourcesFiltering - skip non existing resourceDirectory C:\Users\Nilay Nagar\Brcm\Bronco-Recreation-Complex-Management\Brcm\src\test\resources
2022-12-02 14:18:18,126 [Worker-47: Building] INFO  o.a.m.s.f.DefaultMavenResourcesFiltering - Copying 1 resource
2022-12-02 14:18:18,132 [Worker-47: Building] INFO  o.a.m.s.f.DefaultMavenResourcesFiltering - Copying 2 resources
2022-12-02 14:18:18,134 [Worker-47: Building] INFO  o.a.m.s.f.DefaultMavenResourcesFiltering - skip non existing resourceDirectory C:\Users\Nilay Nagar\Brcm\Bronco-Recreation-Complex-Management\Brcm\src\test\resources
2022-12-02 16:20:53,880 [Worker-52: Building] INFO  o.a.m.s.f.DefaultMavenResourcesFiltering - Copying 1 resource
2022-12-02 16:20:53,933 [Worker-52: Building] INFO  o.a.m.s.f.DefaultMavenResourcesFiltering - Copying 2 resources
2022-12-02 16:20:53,936 [Worker-52: Building] INFO  o.a.m.s.f.DefaultMavenResourcesFiltering - skip non existing resourceDirectory C:\Users\Nilay Nagar\Brcm\Bronco-Recreation-Complex-Management\Brcm\src\test\resources
2022-12-02 16:21:01,689 [Worker-62: Building] INFO  o.a.m.s.f.DefaultMavenResourcesFiltering - Copying 1 resource
2022-12-02 16:21:01,727 [Worker-62: Building] INFO  o.a.m.s.f.DefaultMavenResourcesFiltering - Copying 2 resources
2022-12-02 16:21:01,729 [Worker-62: Building] INFO  o.a.m.s.f.DefaultMavenResourcesFiltering - skip non existing resourceDirectory C:\Users\Nilay Nagar\Brcm\Bronco-Recreation-Complex-Management\Brcm\src\test\resources
2022-12-02 16:22:24,206 [Worker-52: Building] INFO  o.a.m.s.f.DefaultMavenResourcesFiltering - Copying 1 resource
2022-12-02 16:22:24,210 [Worker-52: Building] INFO  o.a.m.s.f.DefaultMavenResourcesFiltering - Copying 2 resources
2022-12-02 16:22:24,212 [Worker-52: Building] INFO  o.a.m.s.f.DefaultMavenResourcesFiltering - skip non existing resourceDirectory C:\Users\Nilay Nagar\Brcm\Bronco-Recreation-Complex-Management\Brcm\src\test\resources
2022-12-02 16:23:33,091 [Worker-62: Building] INFO  o.a.m.s.f.DefaultMavenResourcesFiltering - Copying 1 resource
2022-12-02 16:23:33,107 [Worker-62: Building] INFO  o.a.m.s.f.DefaultMavenResourcesFiltering - Copying 2 resources
2022-12-02 16:23:33,109 [Worker-62: Building] INFO  o.a.m.s.f.DefaultMavenResourcesFiltering - skip non existing resourceDirectory C:\Users\Nilay Nagar\Brcm\Bronco-Recreation-Complex-Management\Brcm\src\test\resources
2022-12-02 16:24:38,070 [Worker-59: Building] INFO  o.a.m.s.f.DefaultMavenResourcesFiltering - Copying 1 resource
2022-12-02 16:24:38,091 [Worker-59: Building] INFO  o.a.m.s.f.DefaultMavenResourcesFiltering - Copying 2 resources
2022-12-02 16:24:38,094 [Worker-59: Building] INFO  o.a.m.s.f.DefaultMavenResourcesFiltering - skip non existing resourceDirectory C:\Users\Nilay Nagar\Brcm\Bronco-Recreation-Complex-Management\Brcm\src\test\resources
2022-12-02 16:25:04,020 [Worker-63: Building] INFO  o.a.m.s.f.DefaultMavenResourcesFiltering - Copying 1 resource
2022-12-02 16:25:04,029 [Worker-63: Building] INFO  o.a.m.s.f.DefaultMavenResourcesFiltering - Copying 2 resources
2022-12-02 16:25:04,031 [Worker-63: Building] INFO  o.a.m.s.f.DefaultMavenResourcesFiltering - skip non existing resourceDirectory C:\Users\Nilay Nagar\Brcm\Bronco-Recreation-Complex-Management\Brcm\src\test\resources
2022-12-02 16:25:16,130 [Worker-52: Building] INFO  o.a.m.s.f.DefaultMavenResourcesFiltering - Copying 1 resource
2022-12-02 16:25:16,133 [Worker-52: Building] INFO  o.a.m.s.f.DefaultMavenResourcesFiltering - Copying 2 resources
2022-12-02 16:25:16,135 [Worker-52: Building] INFO  o.a.m.s.f.DefaultMavenResourcesFiltering - skip non existing resourceDirectory C:\Users\Nilay Nagar\Brcm\Bronco-Recreation-Complex-Management\Brcm\src\test\resources
2022-12-02 16:29:22,968 [Worker-64: Building] INFO  o.a.m.s.f.DefaultMavenResourcesFiltering - Copying 1 resource
2022-12-02 16:29:22,971 [Worker-64: Building] INFO  o.a.m.s.f.DefaultMavenResourcesFiltering - Copying 2 resources
2022-12-02 16:29:22,975 [Worker-64: Building] INFO  o.a.m.s.f.DefaultMavenResourcesFiltering - skip non existing resourceDirectory C:\Users\Nilay Nagar\Brcm\Bronco-Recreation-Complex-Management\Brcm\src\test\resources
2022-12-02 16:30:34,130 [Worker-65: Building] INFO  o.a.m.s.f.DefaultMavenResourcesFiltering - Copying 1 resource
2022-12-02 16:30:34,134 [Worker-65: Building] INFO  o.a.m.s.f.DefaultMavenResourcesFiltering - Copying 2 resources
2022-12-02 16:30:34,136 [Worker-65: Building] INFO  o.a.m.s.f.DefaultMavenResourcesFiltering - skip non existing resourceDirectory C:\Users\Nilay Nagar\Brcm\Bronco-Recreation-Complex-Management\Brcm\src\test\resources
2022-12-02 16:30:44,782 [Worker-64: Building] INFO  o.a.m.s.f.DefaultMavenResourcesFiltering - Copying 1 resource
2022-12-02 16:30:44,788 [Worker-64: Building] INFO  o.a.m.s.f.DefaultMavenResourcesFiltering - Copying 2 resources
2022-12-02 16:30:44,791 [Worker-64: Building] INFO  o.a.m.s.f.DefaultMavenResourcesFiltering - skip non existing resourceDirectory C:\Users\Nilay Nagar\Brcm\Bronco-Recreation-Complex-Management\Brcm\src\test\resources
2022-12-02 16:30:51,986 [Worker-52: Building] INFO  o.a.m.s.f.DefaultMavenResourcesFiltering - Copying 1 resource
2022-12-02 16:30:51,992 [Worker-52: Building] INFO  o.a.m.s.f.DefaultMavenResourcesFiltering - Copying 2 resources
2022-12-02 16:30:51,995 [Worker-52: Building] INFO  o.a.m.s.f.DefaultMavenResourcesFiltering - skip non existing resourceDirectory C:\Users\Nilay Nagar\Brcm\Bronco-Recreation-Complex-Management\Brcm\src\test\resources
2022-12-02 16:43:30,873 [Worker-69: Building] INFO  o.a.m.s.f.DefaultMavenResourcesFiltering - Copying 1 resource
2022-12-02 16:43:30,878 [Worker-69: Building] INFO  o.a.m.s.f.DefaultMavenResourcesFiltering - Copying 2 resources
2022-12-02 16:43:30,880 [Worker-69: Building] INFO  o.a.m.s.f.DefaultMavenResourcesFiltering - skip non existing resourceDirectory C:\Users\Nilay Nagar\Brcm\Bronco-Recreation-Complex-Management\Brcm\src\test\resources
2022-12-02 16:46:10,600 [Worker-69: Building] INFO  o.a.m.s.f.DefaultMavenResourcesFiltering - Copying 1 resource
2022-12-02 16:46:10,607 [Worker-69: Building] INFO  o.a.m.s.f.DefaultMavenResourcesFiltering - Copying 2 resources
2022-12-02 16:46:10,611 [Worker-69: Building] INFO  o.a.m.s.f.DefaultMavenResourcesFiltering - skip non existing resourceDirectory C:\Users\Nilay Nagar\Brcm\Bronco-Recreation-Complex-Management\Brcm\src\test\resources
2022-12-02 16:46:50,047 [Worker-71: Building] INFO  o.a.m.s.f.DefaultMavenResourcesFiltering - Copying 1 resource
2022-12-02 16:46:50,050 [Worker-71: Building] INFO  o.a.m.s.f.DefaultMavenResourcesFiltering - Copying 2 resources
2022-12-02 16:46:50,053 [Worker-71: Building] INFO  o.a.m.s.f.DefaultMavenResourcesFiltering - skip non existing resourceDirectory C:\Users\Nilay Nagar\Brcm\Bronco-Recreation-Complex-Management\Brcm\src\test\resources
2022-12-02 16:46:55,767 [Worker-71: Building] INFO  o.a.m.s.f.DefaultMavenResourcesFiltering - Copying 1 resource
2022-12-02 16:46:55,771 [Worker-71: Building] INFO  o.a.m.s.f.DefaultMavenResourcesFiltering - Copying 2 resources
2022-12-02 16:46:55,773 [Worker-71: Building] INFO  o.a.m.s.f.DefaultMavenResourcesFiltering - skip non existing resourceDirectory C:\Users\Nilay Nagar\Brcm\Bronco-Recreation-Complex-Management\Brcm\src\test\resources
2022-12-02 16:47:08,679 [Worker-73: Building] INFO  o.a.m.s.f.DefaultMavenResourcesFiltering - Copying 1 resource
2022-12-02 16:47:08,683 [Worker-73: Building] INFO  o.a.m.s.f.DefaultMavenResourcesFiltering - Copying 2 resources
2022-12-02 16:47:08,685 [Worker-73: Building] INFO  o.a.m.s.f.DefaultMavenResourcesFiltering - skip non existing resourceDirectory C:\Users\Nilay Nagar\Brcm\Bronco-Recreation-Complex-Management\Brcm\src\test\resources
2022-12-02 16:47:24,963 [Worker-74: Building] INFO  o.a.m.s.f.DefaultMavenResourcesFiltering - Copying 1 resource
2022-12-02 16:47:24,968 [Worker-74: Building] INFO  o.a.m.s.f.DefaultMavenResourcesFiltering - Copying 2 resources
2022-12-02 16:47:24,971 [Worker-74: Building] INFO  o.a.m.s.f.DefaultMavenResourcesFiltering - skip non existing resourceDirectory C:\Users\Nilay Nagar\Brcm\Bronco-Recreation-Complex-Management\Brcm\src\test\resources
2022-12-02 16:47:52,652 [Worker-64: Building] INFO  o.a.m.s.f.DefaultMavenResourcesFiltering - Copying 1 resource
2022-12-02 16:47:52,655 [Worker-64: Building] INFO  o.a.m.s.f.DefaultMavenResourcesFiltering - Copying 2 resources
2022-12-02 16:47:52,657 [Worker-64: Building] INFO  o.a.m.s.f.DefaultMavenResourcesFiltering - skip non existing resourceDirectory C:\Users\Nilay Nagar\Brcm\Bronco-Recreation-Complex-Management\Brcm\src\test\resources
2022-12-02 16:48:41,175 [Worker-64: Building] INFO  o.a.m.s.f.DefaultMavenResourcesFiltering - Copying 1 resource
2022-12-02 16:48:41,178 [Worker-64: Building] INFO  o.a.m.s.f.DefaultMavenResourcesFiltering - Copying 2 resources
2022-12-02 16:48:41,179 [Worker-64: Building] INFO  o.a.m.s.f.DefaultMavenResourcesFiltering - skip non existing resourceDirectory C:\Users\Nilay Nagar\Brcm\Bronco-Recreation-Complex-Management\Brcm\src\test\resources
2022-12-02 21:32:00,171 [Worker-78: Building] INFO  o.a.m.s.f.DefaultMavenResourcesFiltering - Copying 1 resource
2022-12-02 21:32:00,175 [Worker-78: Building] INFO  o.a.m.s.f.DefaultMavenResourcesFiltering - Copying 2 resources
2022-12-02 21:32:00,177 [Worker-78: Building] INFO  o.a.m.s.f.DefaultMavenResourcesFiltering - skip non existing resourceDirectory C:\Users\Nilay Nagar\Brcm\Bronco-Recreation-Complex-Management\Brcm\src\test\resources
2022-12-02 21:32:23,699 [Worker-78: Building] INFO  o.a.m.s.f.DefaultMavenResourcesFiltering - Copying 1 resource
2022-12-02 21:32:23,699 [Worker-78: Building] INFO  o.a.m.s.f.DefaultMavenResourcesFiltering - Copying 2 resources
2022-12-02 21:32:23,699 [Worker-78: Building] INFO  o.a.m.s.f.DefaultMavenResourcesFiltering - skip non existing resourceDirectory C:\Users\Nilay Nagar\Brcm\Bronco-Recreation-Complex-Management\Brcm\src\test\resources
2022-12-02 21:32:43,977 [Worker-64: Building] INFO  o.a.m.s.f.DefaultMavenResourcesFiltering - Copying 1 resource
2022-12-02 21:32:43,982 [Worker-64: Building] INFO  o.a.m.s.f.DefaultMavenResourcesFiltering - Copying 2 resources
2022-12-02 21:32:43,984 [Worker-64: Building] INFO  o.a.m.s.f.DefaultMavenResourcesFiltering - skip non existing resourceDirectory C:\Users\Nilay Nagar\Brcm\Bronco-Recreation-Complex-Management\Brcm\src\test\resources
2022-12-02 21:32:54,999 [Worker-64: Building] INFO  o.a.m.s.f.DefaultMavenResourcesFiltering - Copying 1 resource
2022-12-02 21:32:55,002 [Worker-64: Building] INFO  o.a.m.s.f.DefaultMavenResourcesFiltering - Copying 2 resources
2022-12-02 21:32:55,003 [Worker-64: Building] INFO  o.a.m.s.f.DefaultMavenResourcesFiltering - skip non existing resourceDirectory C:\Users\Nilay Nagar\Brcm\Bronco-Recreation-Complex-Management\Brcm\src\test\resources
2022-12-02 21:33:47,317 [Worker-78: Building] INFO  o.a.m.s.f.DefaultMavenResourcesFiltering - Copying 1 resource
2022-12-02 21:33:47,320 [Worker-78: Building] INFO  o.a.m.s.f.DefaultMavenResourcesFiltering - Copying 2 resources
2022-12-02 21:33:47,322 [Worker-78: Building] INFO  o.a.m.s.f.DefaultMavenResourcesFiltering - skip non existing resourceDirectory C:\Users\Nilay Nagar\Brcm\Bronco-Recreation-Complex-Management\Brcm\src\test\resources
2022-12-02 21:34:45,766 [Worker-82: Building] INFO  o.a.m.s.f.DefaultMavenResourcesFiltering - Copying 1 resource
2022-12-02 21:34:45,769 [Worker-82: Building] INFO  o.a.m.s.f.DefaultMavenResourcesFiltering - Copying 2 resources
2022-12-02 21:34:45,771 [Worker-82: Building] INFO  o.a.m.s.f.DefaultMavenResourcesFiltering - skip non existing resourceDirectory C:\Users\Nilay Nagar\Brcm\Bronco-Recreation-Complex-Management\Brcm\src\test\resources
2022-12-02 21:34:55,529 [Worker-83: Building] INFO  o.a.m.s.f.DefaultMavenResourcesFiltering - Copying 1 resource
2022-12-02 21:34:55,531 [Worker-83: Building] INFO  o.a.m.s.f.DefaultMavenResourcesFiltering - Copying 2 resources
2022-12-02 21:34:55,533 [Worker-83: Building] INFO  o.a.m.s.f.DefaultMavenResourcesFiltering - skip non existing resourceDirectory C:\Users\Nilay Nagar\Brcm\Bronco-Recreation-Complex-Management\Brcm\src\test\resources
2022-12-02 21:35:55,818 [Worker-79: Updating Maven Project] INFO  o.e.m.c.i.p.ProjectConfigurationManager - Update started
2022-12-02 21:35:56,524 [Worker-79: Updating Maven Project] INFO  o.e.m.c.i.l.LifecycleMappingFactory - Using org.eclipse.m2e.jdt.JarLifecycleMapping lifecycle mapping for MavenProject: com.cpp:Brcm:0.0.1-SNAPSHOT @ C:\Users\Nilay Nagar\Brcm\Bronco-Recreation-Complex-Management\Brcm\pom.xml.
2022-12-02 21:35:57,806 [Worker-79: Updating Maven Project] INFO  o.e.m.j.i.AbstractJavaProjectConfigurator - Adding source folder /Brcm/src/main/java
2022-12-02 21:35:57,806 [Worker-79: Updating Maven Project] INFO  o.e.m.j.i.AbstractJavaProjectConfigurator - Adding resource folder /Brcm/src/main/resources
2022-12-02 21:35:57,807 [Worker-79: Updating Maven Project] INFO  o.e.m.j.i.AbstractJavaProjectConfigurator - Adding resource folder /Brcm/src/main/resources
2022-12-02 21:35:57,807 [Worker-79: Updating Maven Project] INFO  o.e.m.j.i.AbstractJavaProjectConfigurator - Adding source folder /Brcm/src/test/java
2022-12-02 21:35:58,328 [Worker-79: Updating Maven Project] INFO  o.e.m.c.i.p.ProjectConfigurationManager - Update completed: 2 sec
2022-12-02 21:35:59,584 [Worker-82: Building] INFO  o.a.m.s.f.DefaultMavenResourcesFiltering - Copying 1 resource
2022-12-02 21:35:59,603 [Worker-82: Building] INFO  o.a.m.s.f.DefaultMavenResourcesFiltering - Copying 2 resources
2022-12-02 21:35:59,610 [Worker-82: Building] INFO  o.a.m.s.f.DefaultMavenResourcesFiltering - skip non existing resourceDirectory C:\Users\Nilay Nagar\Brcm\Bronco-Recreation-Complex-Management\Brcm\src\test\resources
2022-12-02 21:40:30,472 [Worker-93: Launching Executing clean in C__Users_Nilay Nagar_Brcm_Bronco-Recreation-Complex-Management_Brcm] INFO  o.e.m.i.launch.MavenLaunchDelegate - C:\Users\Nilay Nagar\Brcm\Bronco-Recreation-Complex-Management\Brcm
2022-12-02 21:40:30,473 [Worker-93: Launching Executing clean in C__Users_Nilay Nagar_Brcm_Bronco-Recreation-Complex-Management_Brcm] INFO  o.e.m.i.launch.MavenLaunchDelegate -  mvn -B clean
2022-12-02 21:40:33,072 [Worker-95: Building] INFO  o.a.m.s.f.DefaultMavenResourcesFiltering - Copying 1 resource
2022-12-02 21:40:33,073 [Worker-95: Building] INFO  o.a.m.s.f.DefaultMavenResourcesFiltering - Copying 2 resources
2022-12-02 21:40:33,077 [Worker-95: Building] INFO  o.a.m.s.f.DefaultMavenResourcesFiltering - skip non existing resourceDirectory C:\Users\Nilay Nagar\Brcm\Bronco-Recreation-Complex-Management\Brcm\src\test\resources
2022-12-02 21:42:28,688 [Worker-95: Building] INFO  o.a.m.s.f.DefaultMavenResourcesFiltering - Copying 1 resource
2022-12-02 21:42:28,694 [Worker-95: Building] INFO  o.a.m.s.f.DefaultMavenResourcesFiltering - Copying 2 resources
2022-12-02 21:42:28,698 [Worker-95: Building] INFO  o.a.m.s.f.DefaultMavenResourcesFiltering - skip non existing resourceDirectory C:\Users\Nilay Nagar\Brcm\Bronco-Recreation-Complex-Management\Brcm\src\test\resources
